
OpenSBI v1.0-47-g474a9d4
   ____                    _____ ____ _____
  / __ \                  / ____|  _ \_   _|
 | |  | |_ __   ___ _ __ | (___ | |_) || |
 | |  | | '_ \ / _ \ '_ \ \___ \|  _ < | |
 | |__| | |_) |  __/ | | |____) | |_) || |_
  \____/| .__/ \___|_| |_|_____/|____/_____|
        | |
        |_|

Platform Name             : riscv-virtio,qemu
Platform Features         : medeleg
Platform HART Count       : 2
Platform IPI Device       : aclint-mswi
Platform Timer Device     : aclint-mtimer @ 10000000Hz
Platform Console Device   : uart8250
Platform HSM Device       : ---
Platform Reboot Device    : sifive_test
Platform Shutdown Device  : sifive_test
Firmware Base             : 0x80000000
Firmware Size             : 268 KB
Runtime SBI Version       : 0.3

Domain0 Name              : root
Domain0 Boot HART         : 0
Domain0 HARTs             : 0*,1*
Domain0 Region00          : 0x0000000002000000-0x000000000200ffff (I)
Domain0 Region01          : 0x0000000080000000-0x000000008007ffff ()
Domain0 Region02          : 0x0000000000000000-0xffffffffffffffff (R,W,X)
Domain0 Next Address      : 0x0000000080200000
Domain0 Next Arg1         : 0x0000000082200000
Domain0 Next Mode         : S-mode
Domain0 SysReset          : yes

Boot HART ID              : 0
Boot HART Domain          : root
Boot HART ISA             : rv64imafdcsuh
Boot HART Features        : scounteren,mcounteren,mcountinhibit,time,menvcfg,sstc
Boot HART PMP Count       : 16
Boot HART PMP Granularity : 4
Boot HART PMP Address Bits: 54
Boot HART MHPM Count      : 16
Boot HART MIDELEG         : 0x0000000000001666
Boot HART MEDELEG         : 0x0000000000f0b509
run time-test
time-test: time/iteration: 0.000ns total time: 16251270041692ms
run libc-bench
========== START entry-static.exe argv ==========
Pass!
========== END entry-static.exe argv ==========
========== START entry-static.exe basename ==========
Pass!
========== END entry-static.exe basename ==========
========== START entry-static.exe clocale_mbfuncs ==========
Pass!
========== END entry-static.exe clocale_mbfuncs ==========
========== START entry-static.exe clock_gettime ==========
Pass!
========== END entry-static.exe clock_gettime ==========
========== START entry-static.exe crypt ==========
Pass!
========== END entry-static.exe crypt ==========
========== START entry-static.exe dirname ==========
Pass!
========== END entry-static.exe dirname ==========
========== START entry-static.exe env ==========
Pass!
========== END entry-static.exe env ==========
========== START entry-static.exe fdopen ==========
src/functional/fdopen.c:25: ftello(f)==6 failed (errno = 1)
src/functional/fdopen.c:26: fseeko(f, 0, SEEK_SET)==0 failed (errno = 1)
FAIL fdopen [status 1]
========== END entry-static.exe fdopen ==========
========== START entry-static.exe fnmatch ==========
Pass!
========== END entry-static.exe fnmatch ==========
========== START entry-static.exe fscanf ==========
FAIL fscanf [status 1]
========== END entry-static.exe fscanf ==========
========== START entry-static.exe fwscanf ==========
src/functional/fwscanf.c:28: lseek: Operation not permitted
src/functional/fwscanf.c:42: !!(f=writetemp("      42")) failed (failed to make temp file)
src/functional/fwscanf.c:28: lseek: Operation not permitted
src/functional/fwscanf.c:53: !!(f=writetemp("[abc123]....x")) failed (failed to make temp file)
src/functional/fwscanf.c:28: lseek: Operation not permitted
src/functional/fwscanf.c:67: !!(f=writetemp("0x1p 12")) failed (failed to make temp file)
src/functional/fwscanf.c:28: lseek: Operation not permitted
src/functional/fwscanf.c:91: !!(f=writetemp("0x.1p4    012")) failed (failed to make temp file)
src/functional/fwscanf.c:28: lseek: Operation not permitted
src/functional/fwscanf.c:104: !!(f=writetemp("0xx")) failed (failed to make temp file)
FAIL fwscanf [status 1]
========== END entry-static.exe fwscanf ==========
========== START entry-static.exe iconv_open ==========
Pass!
========== END entry-static.exe iconv_open ==========
========== START entry-static.exe inet_pton ==========
Pass!
========== END entry-static.exe inet_pton ==========
========== START entry-static.exe mbc ==========
Pass!
========== END entry-static.exe mbc ==========
========== START entry-static.exe memstream ==========
Pass!
========== END entry-static.exe memstream ==========
========== START entry-static.exe pthread_cancel_points ==========
FAIL pthread_cancel_points [status 1]
========== END entry-static.exe pthread_cancel_points ==========
========== START entry-static.exe pthread_cancel ==========
FAIL pthread_cancel [status 1]
========== END entry-static.exe pthread_cancel ==========
========== START entry-static.exe pthread_cond ==========
FAIL pthread_cond [status 1]
========== END entry-static.exe pthread_cond ==========
========== START entry-static.exe pthread_tsd ==========
FAIL pthread_tsd [status 1]
========== END entry-static.exe pthread_tsd ==========
